Capturing users ending with @yahoo.com...
Removing duplicate usernames...
Comparing with active user list...
Filtering inactive users from the exclusion list...
Deleting inactive users from YAML files...
Deleting Shiva@yahoo.com from /home/senthil/shell/myuser/terra1.yaml
Deleting Shiva@yahoo.com from /home/senthil/shell/myuser/terra2.yaml
Cleaning up temporary files...
User deletion process completed.
Capturing users ending with @yahoo.com...
Removing duplicate usernames...
Comparing with active user list...
Filtering inactive users from the exclusion list...
Deleting inactive users from YAML files...
Cleaning up temporary files...
User deletion process completed.
Capturing users ending with @yahoo.com...
Removing duplicate usernames...
Comparing with active user list...
Filtering inactive users from the exclusion list...
Deleting inactive users from YAML files...
Deleting Shiva@yahoo.com from /home/senthil/shell/myuser/terra1.yaml
Deleting Shiva@yahoo.com from /home/senthil/shell/myuser/terra2.yaml
Cleaning up temporary files...
User deletion process completed.
Capturing users ending with @yahoo.com...
Removing duplicate usernames...
Comparing with active user list...
Filtering inactive users from the exclusion list...
Deleting inactive users from YAML files...
Deleting sanvi@yahoo.com from /home/senthil/shell/myuser/terra1.yaml
Deleting sanvi@yahoo.com from /home/senthil/shell/myuser/terra2.yaml
Deleting Shiva@yahoo.com from /home/senthil/shell/myuser/terra1.yaml
Deleting Shiva@yahoo.com from /home/senthil/shell/myuser/terra2.yaml
Cleaning up temporary files...
User deletion process completed.
Capturing users ending with @yahoo.com...
Removing duplicate usernames...
Comparing with active user list...
Filtering inactive users from the exclusion list...
Deleting inactive users from YAML files...
Deleting sanvi@yahoo.com from /home/senthil/shell/myuser/terra1.yaml
Deleting sanvi@yahoo.com from /home/senthil/shell/myuser/terra2.yaml
Deleting Shiva@yahoo.com from /home/senthil/shell/myuser/terra1.yaml
Deleting Shiva@yahoo.com from /home/senthil/shell/myuser/terra2.yaml
Cleaning up temporary files...
User deletion process completed.
Capturing users ending with @yahoo.com...
Removing duplicate usernames...
Comparing with active user list...
Filtering inactive users from the exclusion list...
Deleting inactive users from YAML files...
Deleting Shiva@yahoo.com from /home/senthil/shell/myuser/terra1.yaml
Deleting Shiva@yahoo.com from /home/senthil/shell/myuser/terra2.yaml
Cleaning up temporary files...
User deletion process completed.
Capturing users ending with @yahoo.com...
Removing duplicate usernames...
Comparing with active user list...
Filtering inactive users from the exclusion list...
Deleting inactive users from YAML files...
Cleaning up temporary files...
User deletion process completed.
Capturing users ending with @yahoo.com...
Removing duplicate usernames...
Comparing with active user list...
Filtering inactive users from the exclusion list...
Deleting inactive users from YAML files...
 Deleting Shiva@yahoo.com from /home/senthil/shell/myuser/terra2.yaml
Cleaning up temporary files...
User deletion process completed.
Capturing users ending with @yahoo.com...
Removing duplicate usernames...
Comparing with active user list...
Filtering inactive users from the exclusion list...
Deleting inactive users from YAML files...
2024-10-24 Deleting Shiva@yahoo.com from /home/senthil/shell/myuser/terra2.yaml
Cleaning up temporary files...
User deletion process completed.
